<?xml version="1.1" encoding="UTF-8"?>
<testsuite name="db.DbTest" tests="3" failures="0" errors="0" timestamp="2014-06-05T19:35:57" hostname="testing-worker-linux-4-1-30310-linux-4-26884187" time="68.593">
  <properties/>
  <testcase name="testSqliteDB" classname="db.DbTest" time="5.799"/>
  <testcase name="testObjectDB" classname="db.DbTest" time="10.123"/>
  <testcase name="testDerbyDB" classname="db.DbTest" time="52.667"/>
  <system-out><![CDATA[Testing with 100000 elements
100000 Prices SqliteDB, total time 5098 ms
	Insert:	 2094 ms
	Select:	 671 ms
	Update:	 2162 ms
	Delete:	 171 ms
----------------------------------------------
Testing with 100000 elements
100000 Prices ObjectDB, total time 9434 ms
	Insert:	 4058 ms
	Select:	 1852 ms
	Update:	 2240 ms
	Delete:	 1284 ms
----------------------------------------------
Testing with 100000 elements
100000 Prices DerbyDB, total time 49718 ms
	Insert:	 24587 ms
	Select:	 935 ms
	Update:	 12939 ms
	Delete:	 11257 ms
----------------------------------------------
]]></system-out>
  <system-err><![CDATA[]]></system-err>
</testsuite>
