<?xml version="1.1" encoding="UTF-8"?>
<testsuite name="db.DbTest" tests="3" failures="0" errors="0" timestamp="2014-06-08T08:56:30" hostname="testing-worker-linux-3-2-7466-linux-17-27055269" time="45.428">
  <properties/>
  <testcase name="testSqliteDB" classname="db.DbTest" time="4.192"/>
  <testcase name="testObjectDB" classname="db.DbTest" time="6.437"/>
  <testcase name="testDerbyDB" classname="db.DbTest" time="34.796"/>
  <system-out><![CDATA[Testing with 100000 elements
100000 Prices SqliteDB, total time 3496 ms
	Insert:	 1477 ms
	Select:	 611 ms
	Update:	 1386 ms
	Delete:	 22 ms
----------------------------------------------
Testing with 100000 elements
100000 Prices ObjectDB, total time 5981 ms
	Insert:	 2420 ms
	Select:	 1022 ms
	Update:	 1491 ms
	Delete:	 1048 ms
----------------------------------------------
Testing with 100000 elements
100000 Prices DerbyDB, total time 32897 ms
	Insert:	 11902 ms
	Select:	 634 ms
	Update:	 14631 ms
	Delete:	 5730 ms
----------------------------------------------
]]></system-out>
  <system-err><![CDATA[]]></system-err>
</testsuite>
