<?xml version="1.0" encoding="UTF-8"?>
<testsuite name="db.DbTest" tests="3" skipped="0" failures="0" errors="0" timestamp="2014-06-03T20:01:03" hostname="localhost" time="17.443">
  <properties/>
  <testcase name="testSqliteDB" classname="db.DbTest" time="0.632"/>
  <testcase name="testObjectDB" classname="db.DbTest" time="3.643"/>
  <testcase name="testDerbyDB" classname="db.DbTest" time="13.167"/>
  <system-out><![CDATA[Testing with 1 elements
1 Prices SqliteDB, total time 349 ms
	Insert:	 127 ms
	Select:	 0 ms
	Update:	 111 ms
	Delete:	 111 ms
----------------------------------------------
Testing with 1 elements
1 Prices ObjectDB, total time 71 ms
	Insert:	 30 ms
	Select:	 40 ms
	Update:	 0 ms
	Delete:	 1 ms
----------------------------------------------
Testing with 1 elements
1 Prices DerbyDB, total time 133 ms
	Insert:	 78 ms
	Select:	 17 ms
	Update:	 27 ms
	Delete:	 11 ms
----------------------------------------------
]]></system-out>
  <system-err><![CDATA[]]></system-err>
</testsuite>
