<?xml version="1.1" encoding="UTF-8"?>
<testsuite name="db.DbTest" tests="3" failures="0" errors="0" timestamp="2014-06-07T18:51:30" hostname="testing-worker-linux-7-2-14978-linux-14-27028869" time="66.71">
  <properties/>
  <testcase name="testSqliteDB" classname="db.DbTest" time="5.328"/>
  <testcase name="testObjectDB" classname="db.DbTest" time="9.578"/>
  <testcase name="testDerbyDB" classname="db.DbTest" time="51.799"/>
  <system-out><![CDATA[Testing with 100000 elements
100000 Prices SqliteDB, total time 4695 ms
	Insert:	 1983 ms
	Select:	 764 ms
	Update:	 1907 ms
	Delete:	 41 ms
----------------------------------------------
Testing with 100000 elements
100000 Prices ObjectDB, total time 8900 ms
	Insert:	 3356 ms
	Select:	 1932 ms
	Update:	 2137 ms
	Delete:	 1475 ms
----------------------------------------------
Testing with 100000 elements
100000 Prices DerbyDB, total time 47988 ms
	Insert:	 17484 ms
	Select:	 856 ms
	Update:	 18366 ms
	Delete:	 11282 ms
----------------------------------------------
]]></system-out>
  <system-err><![CDATA[]]></system-err>
</testsuite>
