<?xml version="1.1" encoding="UTF-8"?>
<testsuite name="db.DbTest" tests="3" failures="0" errors="0" timestamp="2014-06-07T15:53:37" hostname="testing-worker-linux-2-2-27206-linux-6-27020663" time="63.639">
  <properties/>
  <testcase name="testSqliteDB" classname="db.DbTest" time="5.619"/>
  <testcase name="testObjectDB" classname="db.DbTest" time="11.089"/>
  <testcase name="testDerbyDB" classname="db.DbTest" time="46.927"/>
  <system-out><![CDATA[Testing with 100000 elements
100000 Prices SqliteDB, total time 4839 ms
	Insert:	 1943 ms
	Select:	 814 ms
	Update:	 2049 ms
	Delete:	 33 ms
----------------------------------------------
Testing with 100000 elements
100000 Prices ObjectDB, total time 10217 ms
	Insert:	 4355 ms
	Select:	 2077 ms
	Update:	 2563 ms
	Delete:	 1222 ms
----------------------------------------------
Testing with 100000 elements
100000 Prices DerbyDB, total time 44217 ms
	Insert:	 20382 ms
	Select:	 943 ms
	Update:	 7936 ms
	Delete:	 14956 ms
----------------------------------------------
]]></system-out>
  <system-err><![CDATA[]]></system-err>
</testsuite>
