<?xml version="1.1" encoding="UTF-8"?>
<testsuite name="db.DbTest" tests="3" failures="0" errors="0" timestamp="2014-06-08T09:18:07" hostname="testing-worker-linux-9-1-10833-linux-18-27056017" time="38.002">
  <properties/>
  <testcase name="testSqliteDB" classname="db.DbTest" time="3.961"/>
  <testcase name="testObjectDB" classname="db.DbTest" time="6.94"/>
  <testcase name="testDerbyDB" classname="db.DbTest" time="27.098"/>
  <system-out><![CDATA[Testing with 100000 elements
100000 Prices SqliteDB, total time 3455 ms
	Insert:	 1508 ms
	Select:	 605 ms
	Update:	 1319 ms
	Delete:	 23 ms
----------------------------------------------
Testing with 100000 elements
100000 Prices ObjectDB, total time 6467 ms
	Insert:	 2579 ms
	Select:	 1126 ms
	Update:	 1698 ms
	Delete:	 1064 ms
----------------------------------------------
Testing with 100000 elements
100000 Prices DerbyDB, total time 24808 ms
	Insert:	 11467 ms
	Select:	 695 ms
	Update:	 6983 ms
	Delete:	 5663 ms
----------------------------------------------
]]></system-out>
  <system-err><![CDATA[]]></system-err>
</testsuite>
