<?xml version="1.0" encoding="UTF-8"?>
<testsuite name="db.DbTest" tests="3" skipped="0" failures="0" errors="0" timestamp="2014-06-03T18:44:22" hostname="localhost" time="3.388">
  <properties/>
  <testcase name="testSqliteDB" classname="db.DbTest" time="0.529"/>
  <testcase name="testObjectDB" classname="db.DbTest" time="0.277"/>
  <testcase name="testDerbyDB" classname="db.DbTest" time="2.581"/>
  <system-out><![CDATA[Testing with 1 elements
java.sql.SQLException: table PRICES already exists
1 Prices SqliteDB, total time 394 ms
	Insert:	 127 ms
	Select:	 0 ms
	Update:	 133 ms
	Delete:	 134 ms
----------------------------------------------
Testing with 1 elements
1 Prices ObjectDB, total time 49 ms
	Insert:	 9 ms
	Select:	 38 ms
	Update:	 1 ms
	Delete:	 1 ms
----------------------------------------------
Testing with 1 elements
java.sql.SQLException: Schema 'ME' already exists.
java.sql.SQLException: Table/View 'PRICES' already exists in Schema 'ME'.
1 Prices DerbyDB, total time 143 ms
	Insert:	 87 ms
	Select:	 20 ms
	Update:	 25 ms
	Delete:	 11 ms
----------------------------------------------
]]></system-out>
  <system-err><![CDATA[]]></system-err>
</testsuite>
