<?xml version="1.1" encoding="UTF-8"?>
<testsuite name="db.DbTest" tests="3" failures="0" errors="0" timestamp="2014-06-08T08:39:55" hostname="testing-worker-linux-6-2-3512-linux-15-27054819" time="35.775">
  <properties/>
  <testcase name="testSqliteDB" classname="db.DbTest" time="3.996"/>
  <testcase name="testObjectDB" classname="db.DbTest" time="6.843"/>
  <testcase name="testDerbyDB" classname="db.DbTest" time="24.934"/>
  <system-out><![CDATA[Testing with 100000 elements
100000 Prices SqliteDB, total time 3559 ms
	Insert:	 1476 ms
	Select:	 675 ms
	Update:	 1377 ms
	Delete:	 31 ms
----------------------------------------------
Testing with 100000 elements
100000 Prices ObjectDB, total time 6346 ms
	Insert:	 2560 ms
	Select:	 1055 ms
	Update:	 1637 ms
	Delete:	 1094 ms
----------------------------------------------
Testing with 100000 elements
100000 Prices DerbyDB, total time 22992 ms
	Insert:	 10799 ms
	Select:	 701 ms
	Update:	 5928 ms
	Delete:	 5564 ms
----------------------------------------------
]]></system-out>
  <system-err><![CDATA[]]></system-err>
</testsuite>
