<?xml version="1.1" encoding="UTF-8"?>
<testsuite name="db.DbTest" tests="3" failures="0" errors="0" timestamp="2014-06-07T17:36:22" hostname="testing-worker-linux-3-2-7466-linux-6-27025186" time="54.717">
  <properties/>
  <testcase name="testSqliteDB" classname="db.DbTest" time="5.917"/>
  <testcase name="testObjectDB" classname="db.DbTest" time="8.827"/>
  <testcase name="testDerbyDB" classname="db.DbTest" time="39.97"/>
  <system-out><![CDATA[Testing with 100000 elements
100000 Prices SqliteDB, total time 5352 ms
	Insert:	 1954 ms
	Select:	 988 ms
	Update:	 2360 ms
	Delete:	 50 ms
----------------------------------------------
Testing with 100000 elements
100000 Prices ObjectDB, total time 8154 ms
	Insert:	 3247 ms
	Select:	 1399 ms
	Update:	 1991 ms
	Delete:	 1517 ms
----------------------------------------------
Testing with 100000 elements
100000 Prices DerbyDB, total time 37105 ms
	Insert:	 15162 ms
	Select:	 916 ms
	Update:	 9105 ms
	Delete:	 11922 ms
----------------------------------------------
]]></system-out>
  <system-err><![CDATA[]]></system-err>
</testsuite>
